2023-09-01 17:37:54,878- root - INFO - 日志[info]2023-09-01 17:37:54 返回内容错误："ill_count":1
2023-09-07 10:24:40,897- root - INFO - 日志[info]2023-09-07 10:24:40 返回内容错误："retcode": "0"
2023-09-07 10:27:13,128- root - INFO - 日志[info]2023-09-07 10:27:13 返回内容错误："retcode": "0"
2023-09-07 10:32:20,174- root - INFO - 日志[info]2023-09-07 10:32:20 返回内容错误："success": true
2023-09-07 13:43:08,919- root - INFO - 日志[info]2023-09-07 13:43:08 返回状态码有误 200, 401
2023-09-07 13:43:09,124- root - INFO - 日志[info]2023-09-07 13:43:09 返回状态码有误 200, 401
2023-09-07 13:46:20,457- root - INFO - 日志[info]2023-09-07 13:46:20 返回内容错误："orgName": "一公司"
2023-09-07 13:46:20,850- root - INFO - 日志[info]2023-09-07 13:46:20 返回内容错误："orgName": "五公司"
2023-09-07 13:58:45,767- root - INFO - 日志[info]2023-09-07 13:58:45 返回状态码有误 200, 401
2023-09-07 14:04:08,283- root - INFO - 日志[info]2023-09-07 14:04:08 返回状态码有误 200, 401
2023-09-07 14:10:40,677- root - INFO - 日志[info]2023-09-07 14:10:40 返回状态码有误 200, 401
2023-09-07 14:13:46,611- root - INFO - 日志[info]2023-09-07 14:13:46 返回状态码有误 200, 401
2023-09-07 14:34:10,821- root - INFO - 日志[info]2023-09-07 14:34:10 返回状态码有误 200, 401
2023-09-07 14:36:21,270- root - INFO - 日志[info]2023-09-07 14:36:21 返回状态码有误 200, 401
2023-09-07 14:37:16,181- root - INFO - 日志[info]2023-09-07 14:37:16 返回状态码有误 200, 401
2023-09-07 14:37:49,573- root - INFO - 日志[info]2023-09-07 14:37:49 返回状态码有误 200, 401
2023-09-07 15:17:49,139- root - INFO - 日志[info]2023-09-07 15:17:49 返回状态码有误 200, 401
2023-09-07 16:19:19,190- root - INFO - 日志[info]2023-09-07 16:19:19 返回内容错误："success": true
2023-09-07 16:19:20,137- root - INFO - 日志[info]2023-09-07 16:19:20 返回内容错误："orgName": "一公司"
2023-09-07 16:19:20,181- root - INFO - 日志[info]2023-09-07 16:19:20 返回状态码有误 200, 401
2023-09-07 16:19:20,249- root - INFO - 日志[info]2023-09-07 16:19:20 返回状态码有误 200, 401
2023-09-07 16:19:20,318- root - INFO - 日志[info]2023-09-07 16:19:20 返回状态码有误 200, 401
2023-09-07 16:19:20,356- root - INFO - 日志[info]2023-09-07 16:19:20 返回状态码有误 200, 401
2023-09-07 16:30:41,750- root - INFO - 日志[info]2023-09-07 16:30:41 返回内容错误："success": true
2023-09-07 16:30:42,701- root - INFO - 日志[info]2023-09-07 16:30:42 返回内容错误："orgName": "一公司"
2023-09-07 16:30:42,803- root - INFO - 日志[info]2023-09-07 16:30:42 返回状态码有误 200, 401
2023-09-07 16:30:42,868- root - INFO - 日志[info]2023-09-07 16:30:42 返回状态码有误 200, 401
2023-09-07 16:30:42,934- root - INFO - 日志[info]2023-09-07 16:30:42 返回状态码有误 200, 401
2023-09-07 16:30:42,975- root - INFO - 日志[info]2023-09-07 16:30:42 返回状态码有误 200, 401
2023-09-07 16:59:45,519- root - INFO - 日志[info]2023-09-07 16:59:45 返回内容错误："retcode": "0"
2023-09-07 16:59:46,482- root - INFO - 日志[info]2023-09-07 16:59:46 返回状态码有误 200, 401
2023-09-07 16:59:46,529- root - INFO - 日志[info]2023-09-07 16:59:46 返回状态码有误 200, 401
2023-09-07 16:59:46,589- root - INFO - 日志[info]2023-09-07 16:59:46 返回状态码有误 200, 401
2023-09-07 16:59:46,651- root - INFO - 日志[info]2023-09-07 16:59:46 返回状态码有误 200, 401
2023-09-07 17:01:05,065- root - INFO - 日志[info]2023-09-07 17:01:05 返回内容错误："retcode": "0"
2023-09-07 17:04:08,918- root - INFO - 日志[info]2023-09-07 17:04:08 返回内容错误："retmsg": null
2023-09-07 17:05:02,462- root - INFO - 日志[info]2023-09-07 17:05:02 返回内容错误："retmsg": ""
2023-09-07 17:05:43,771- root - INFO - 日志[info]2023-09-07 17:05:43 返回内容错误："total": null
2023-09-07 17:14:22,800- root - INFO - 日志[info]2023-09-07 17:14:22 返回内容错误："total": null
2023-09-07 17:15:54,592- root - INFO - 日志[info]2023-09-07 17:15:54 返回内容错误："total": null
2023-09-07 17:17:22,943- root - INFO - 日志[info]2023-09-07 17:17:22 返回内容错误："retcode": "0"
2023-09-07 17:32:12,668- root - INFO - 日志[info]2023-09-07 17:32:12 返回内容错误："orgName":"一公司"
2023-09-08 14:31:42,989- root - INFO - 日志[info]2023-09-08 14:31:42 返回内容错误："retmsg": "操作成功"
2023-09-08 14:31:43,255- root - INFO - 日志[info]2023-09-08 14:31:43 返回状态码有误 200, 404
2023-09-08 14:33:43,356- root - INFO - 日志[info]2023-09-08 14:33:43 返回内容错误："retmsg": "操作成功"
2023-09-08 14:34:21,127- root - INFO - 日志[info]2023-09-08 14:34:21 返回内容错误："retmsg": "操作成功"
2023-09-08 14:34:21,329- root - INFO - 日志[info]2023-09-08 14:34:21 返回状态码有误 200, 404
2023-09-08 14:36:58,425- root - INFO - 日志[info]2023-09-08 14:36:58 返回内容错误："retmsg": "操作成功"
2023-09-08 14:47:15,958- root - INFO - 日志[info]2023-09-08 14:47:15 返回状态码有误 200, 404
2023-09-08 14:51:42,769- root - INFO - 日志[info]2023-09-08 14:51:42 返回状态码有误 200, 404
2023-09-08 14:53:23,982- root - INFO - 日志[info]2023-09-08 14:53:23 返回状态码有误 200, 404
2023-09-08 15:14:09,313- root - INFO - 日志[info]2023-09-08 15:14:09 返回内容错误："retmsg": "操作成功"
2023-09-08 15:16:51,975- root - INFO - 日志[info]2023-09-08 15:16:51 返回内容错误："empName": "顾秀玉"
2023-09-08 15:24:10,294- root - INFO - 日志[info]2023-09-08 15:24:10 返回内容错误："retmsg": "操作成功"
2023-09-12 14:39:15,942- root - INFO - 日志[info]2023-09-12 14:39:15 返回状态码有误 200, 401
2023-09-12 14:39:16,103- root - INFO - 日志[info]2023-09-12 14:39:16 返回状态码有误 200, 401
2023-09-12 14:39:16,169- root - INFO - 日志[info]2023-09-12 14:39:16 返回状态码有误 200, 401
2023-09-12 14:39:16,223- root - INFO - 日志[info]2023-09-12 14:39:16 返回状态码有误 200, 401
2023-09-12 14:39:16,774- root - INFO - 日志[info]2023-09-12 14:39:16 返回状态码有误 200, 401
2023-09-12 14:39:16,829- root - INFO - 日志[info]2023-09-12 14:39:16 返回状态码有误 200, 401
2023-09-12 14:39:16,900- root - INFO - 日志[info]2023-09-12 14:39:16 返回状态码有误 200, 401
2023-09-12 14:39:16,948- root - INFO - 日志[info]2023-09-12 14:39:16 返回状态码有误 200, 401
2023-09-12 14:39:16,992- root - INFO - 日志[info]2023-09-12 14:39:16 返回状态码有误 200, 401
2023-09-12 14:39:17,045- root - INFO - 日志[info]2023-09-12 14:39:17 返回状态码有误 200, 401
2023-09-12 14:39:17,113- root - INFO - 日志[info]2023-09-12 14:39:17 返回状态码有误 200, 401
2023-09-12 14:39:17,425- root - INFO - 日志[info]2023-09-12 14:39:17 返回状态码有误 200, 401
2023-09-12 14:39:17,488- root - INFO - 日志[info]2023-09-12 14:39:17 返回状态码有误 200, 401
2023-09-12 14:39:17,570- root - INFO - 日志[info]2023-09-12 14:39:17 返回状态码有误 200, 401
2023-09-12 14:39:17,617- root - INFO - 日志[info]2023-09-12 14:39:17 返回状态码有误 200, 401
2023-09-12 14:39:17,685- root - INFO - 日志[info]2023-09-12 14:39:17 返回状态码有误 200, 401
2023-09-12 14:39:17,751- root - INFO - 日志[info]2023-09-12 14:39:17 返回状态码有误 200, 401
2023-09-12 14:39:17,812- root - INFO - 日志[info]2023-09-12 14:39:17 返回状态码有误 200, 401
2023-09-12 14:39:17,868- root - INFO - 日志[info]2023-09-12 14:39:17 返回状态码有误 200, 401
2023-09-12 14:39:17,935- root - INFO - 日志[info]2023-09-12 14:39:17 返回状态码有误 200, 401
2023-09-13 11:06:44,124- root - INFO - 日志[info]2023-09-13 11:06:44 返回状态码有误 200, 404
2023-09-13 11:14:20,790- root - INFO - 日志[info]2023-09-13 11:14:20 返回状态码有误 200, 404
2023-09-13 11:16:09,185- root - INFO - 日志[info]2023-09-13 11:16:09 返回内容错误："retmsg":"操作成功"
2023-09-14 10:57:38,803- root - INFO - 日志[info]2023-09-14 10:57:38 返回内容错误："id": 30
2023-09-18 10:07:48,837- root - INFO - 日志[info]2023-09-18 10:07:48 返回内容错误："retcode": "0"
2023-09-21 15:02:39,401- root - INFO - 日志[info]2023-09-21 15:02:39 返回内容错误："retmsg":"操作成功"
2023-09-21 15:04:58,250- root - INFO - 日志[info]2023-09-21 15:04:58 返回内容错误："positionName":"环丁路公交站"
2023-09-21 15:11:50,742- root - INFO - 日志[info]2023-09-21 15:11:50 返回内容错误："positionName":"环丁路公交站"
2023-09-21 15:15:10,664- root - INFO - 日志[info]2023-09-21 15:15:10 返回内容错误："positionName":"环丁路公交站"
2023-09-21 15:56:43,449- root - INFO - 日志[info]2023-09-21 15:56:43 返回内容错误："positionName":"环丁路公交站"
2023-09-21 16:00:08,572- root - INFO - 日志[info]2023-09-21 16:00:08 返回内容错误："positionName":"环丁路公交站"
2023-09-25 17:32:55,994- root - INFO - 日志[info]2023-09-25 17:32:55 返回内容错误："orgName":"一公司"
2023-10-09 10:16:58,883- root - INFO - 日志[info]2023-10-09 10:16:58 返回内容错误："retmsg":"模板名称重复"
2023-10-09 10:16:59,485- root - INFO - 日志[info]2023-10-09 10:16:59 返回内容错误："retmsg":"日志下载对象不存在"
2023-10-09 10:17:00,278- root - INFO - 日志[info]2023-10-09 10:17:00 返回状态码有误 200, 401
2023-10-09 10:17:00,426- root - INFO - 日志[info]2023-10-09 10:17:00 返回状态码有误 200, 401
2023-10-09 10:32:06,847- root - INFO - 日志[info]2023-10-09 10:32:06 返回内容错误："retcode":"40001"
2023-10-09 10:32:07,598- root - INFO - 日志[info]2023-10-09 10:32:07 返回状态码有误 200, 401
2023-10-09 10:32:07,737- root - INFO - 日志[info]2023-10-09 10:32:07 返回状态码有误 200, 401
2023-10-09 10:36:36,403- root - INFO - 日志[info]2023-10-09 10:36:36 返回内容错误："retmsg":"日志下载对象不存在"
2023-10-09 10:36:37,352- root - INFO - 日志[info]2023-10-09 10:36:37 返回状态码有误 200, 401
2023-10-09 10:36:37,474- root - INFO - 日志[info]2023-10-09 10:36:37 返回状态码有误 200, 401
2023-10-10 17:52:09,856- root - INFO - 日志[info]2023-10-10 17:52:09 返回内容错误："retmsg":"无排班记录"
2023-10-10 17:52:46,212- root - INFO - 日志[info]2023-10-10 17:52:46 返回状态码有误 200, 415
2023-10-12 17:32:19,327- root - INFO - 日志[info]2023-10-12 17:32:19 返回状态码有误 200, 401
2023-10-12 17:32:19,474- root - INFO - 日志[info]2023-10-12 17:32:19 返回状态码有误 200, 401
2023-10-12 17:32:19,536- root - INFO - 日志[info]2023-10-12 17:32:19 返回状态码有误 200, 401
2023-10-12 17:32:19,601- root - INFO - 日志[info]2023-10-12 17:32:19 返回状态码有误 200, 401
2023-10-12 17:32:19,646- root - INFO - 日志[info]2023-10-12 17:32:19 返回状态码有误 200, 401
2023-10-12 17:32:19,688- root - INFO - 日志[info]2023-10-12 17:32:19 返回状态码有误 200, 401
2023-10-12 17:32:19,732- root - INFO - 日志[info]2023-10-12 17:32:19 返回状态码有误 200, 401
2023-10-12 17:32:19,776- root - INFO - 日志[info]2023-10-12 17:32:19 返回状态码有误 200, 401
2023-10-12 17:32:19,829- root - INFO - 日志[info]2023-10-12 17:32:19 返回状态码有误 200, 401
2023-10-12 17:32:19,875- root - INFO - 日志[info]2023-10-12 17:32:19 返回状态码有误 200, 401
2023-10-12 17:32:19,916- root - INFO - 日志[info]2023-10-12 17:32:19 返回状态码有误 200, 401
2023-10-12 17:32:19,961- root - INFO - 日志[info]2023-10-12 17:32:19 返回状态码有误 200, 401
2023-10-12 17:32:20,004- root - INFO - 日志[info]2023-10-12 17:32:20 返回状态码有误 200, 401
2023-10-12 17:32:20,064- root - INFO - 日志[info]2023-10-12 17:32:20 返回状态码有误 200, 401
2023-10-12 17:32:20,128- root - INFO - 日志[info]2023-10-12 17:32:20 返回状态码有误 200, 401
2023-10-12 17:32:20,190- root - INFO - 日志[info]2023-10-12 17:32:20 返回状态码有误 200, 401
2023-10-12 17:32:20,250- root - INFO - 日志[info]2023-10-12 17:32:20 返回状态码有误 200, 401
2023-10-12 17:32:20,316- root - INFO - 日志[info]2023-10-12 17:32:20 返回状态码有误 200, 401
2023-10-12 17:32:20,374- root - INFO - 日志[info]2023-10-12 17:32:20 返回状态码有误 200, 401
2023-10-12 17:32:20,437- root - INFO - 日志[info]2023-10-12 17:32:20 返回状态码有误 200, 401
2023-10-12 17:32:20,479- root - INFO - 日志[info]2023-10-12 17:32:20 返回状态码有误 200, 401
2023-10-12 17:32:20,523- root - INFO - 日志[info]2023-10-12 17:32:20 返回状态码有误 200, 401
2023-10-12 17:32:20,579- root - INFO - 日志[info]2023-10-12 17:32:20 返回状态码有误 200, 401
2023-10-12 17:32:20,679- root - INFO - 日志[info]2023-10-12 17:32:20 返回状态码有误 200, 401
2023-10-12 17:32:20,751- root - INFO - 日志[info]2023-10-12 17:32:20 返回状态码有误 200, 401
2023-10-12 17:32:20,816- root - INFO - 日志[info]2023-10-12 17:32:20 返回状态码有误 200, 401
2023-10-12 17:32:20,874- root - INFO - 日志[info]2023-10-12 17:32:20 返回状态码有误 200, 401
2023-10-12 17:32:20,914- root - INFO - 日志[info]2023-10-12 17:32:20 返回状态码有误 200, 401
2023-10-12 17:32:20,977- root - INFO - 日志[info]2023-10-12 17:32:20 返回状态码有误 200, 401
2023-10-12 17:32:21,339- root - INFO - 日志[info]2023-10-12 17:32:21 返回内容错误："emp_job_id":"93000225"
2023-10-12 17:32:21,388- root - INFO - 日志[info]2023-10-12 17:32:21 返回状态码有误 200, 401
2023-10-12 17:32:21,449- root - INFO - 日志[info]2023-10-12 17:32:21 返回状态码有误 200, 401
2023-10-12 17:32:21,492- root - INFO - 日志[info]2023-10-12 17:32:21 返回状态码有误 200, 401
2023-10-12 17:32:21,536- root - INFO - 日志[info]2023-10-12 17:32:21 返回状态码有误 200, 401
2023-10-12 17:32:21,579- root - INFO - 日志[info]2023-10-12 17:32:21 返回状态码有误 200, 401
2023-10-12 17:32:21,626- root - INFO - 日志[info]2023-10-12 17:32:21 返回状态码有误 200, 401
2023-10-12 17:32:21,669- root - INFO - 日志[info]2023-10-12 17:32:21 返回状态码有误 200, 401
2023-10-12 17:32:21,779- root - INFO - 日志[info]2023-10-12 17:32:21 返回状态码有误 200, 401
2023-10-12 17:32:21,823- root - INFO - 日志[info]2023-10-12 17:32:21 返回状态码有误 200, 401
2023-10-12 17:32:21,883- root - INFO - 日志[info]2023-10-12 17:32:21 返回状态码有误 200, 401
2023-10-12 17:32:21,948- root - INFO - 日志[info]2023-10-12 17:32:21 返回状态码有误 200, 401
2023-10-12 17:32:21,990- root - INFO - 日志[info]2023-10-12 17:32:21 返回状态码有误 200, 401
2023-10-12 17:32:22,053- root - INFO - 日志[info]2023-10-12 17:32:22 返回状态码有误 200, 401
2023-10-12 17:32:22,096- root - INFO - 日志[info]2023-10-12 17:32:22 返回状态码有误 200, 401
2023-10-12 17:32:22,164- root - INFO - 日志[info]2023-10-12 17:32:22 返回状态码有误 200, 401
2023-10-12 17:32:22,228- root - INFO - 日志[info]2023-10-12 17:32:22 返回状态码有误 200, 401
2023-10-12 17:32:22,290- root - INFO - 日志[info]2023-10-12 17:32:22 返回状态码有误 200, 401
2023-10-12 17:32:22,351- root - INFO - 日志[info]2023-10-12 17:32:22 返回状态码有误 200, 401
2023-10-12 17:32:22,443- root - INFO - 日志[info]2023-10-12 17:32:22 返回状态码有误 200, 401
2023-10-12 17:32:22,511- root - INFO - 日志[info]2023-10-12 17:32:22 返回状态码有误 200, 401
2023-10-12 17:32:22,556- root - INFO - 日志[info]2023-10-12 17:32:22 返回状态码有误 200, 401
2023-10-12 17:32:22,597- root - INFO - 日志[info]2023-10-12 17:32:22 返回状态码有误 200, 401
2023-10-12 17:32:22,657- root - INFO - 日志[info]2023-10-12 17:32:22 返回状态码有误 200, 401
2023-10-12 17:32:22,724- root - INFO - 日志[info]2023-10-12 17:32:22 返回状态码有误 200, 401
2023-10-12 17:32:22,772- root - INFO - 日志[info]2023-10-12 17:32:22 返回状态码有误 200, 401
2023-10-12 17:32:22,815- root - INFO - 日志[info]2023-10-12 17:32:22 返回状态码有误 200, 401
2023-10-12 17:32:22,876- root - INFO - 日志[info]2023-10-12 17:32:22 返回状态码有误 200, 401
2023-10-12 17:32:22,946- root - INFO - 日志[info]2023-10-12 17:32:22 返回状态码有误 200, 401
2023-10-12 17:32:23,018- root - INFO - 日志[info]2023-10-12 17:32:23 返回状态码有误 200, 401
2023-10-12 17:32:23,077- root - INFO - 日志[info]2023-10-12 17:32:23 返回状态码有误 200, 401
2023-10-12 17:32:23,148- root - INFO - 日志[info]2023-10-12 17:32:23 返回状态码有误 200, 401
2023-10-12 17:32:23,203- root - INFO - 日志[info]2023-10-12 17:32:23 返回状态码有误 200, 401
2023-10-12 17:32:23,244- root - INFO - 日志[info]2023-10-12 17:32:23 返回状态码有误 200, 401
2023-10-12 17:32:23,289- root - INFO - 日志[info]2023-10-12 17:32:23 返回状态码有误 200, 401
2023-10-12 17:32:23,331- root - INFO - 日志[info]2023-10-12 17:32:23 返回状态码有误 200, 401
2023-10-12 17:32:23,396- root - INFO - 日志[info]2023-10-12 17:32:23 返回状态码有误 200, 401
2023-10-12 17:32:23,454- root - INFO - 日志[info]2023-10-12 17:32:23 返回状态码有误 200, 401
2023-10-12 17:32:23,496- root - INFO - 日志[info]2023-10-12 17:32:23 返回状态码有误 200, 401
2023-10-12 17:32:23,541- root - INFO - 日志[info]2023-10-12 17:32:23 返回状态码有误 200, 401
2023-10-12 17:32:23,747- root - INFO - 日志[info]2023-10-12 17:32:23 返回状态码有误 200, 401
2023-10-12 17:32:23,789- root - INFO - 日志[info]2023-10-12 17:32:23 返回状态码有误 200, 401
2023-10-12 17:32:23,832- root - INFO - 日志[info]2023-10-12 17:32:23 返回状态码有误 200, 401
2023-10-12 17:32:23,874- root - INFO - 日志[info]2023-10-12 17:32:23 返回状态码有误 200, 401
2023-10-12 17:32:23,917- root - INFO - 日志[info]2023-10-12 17:32:23 返回状态码有误 200, 401
2023-10-12 17:32:23,965- root - INFO - 日志[info]2023-10-12 17:32:23 返回状态码有误 200, 401
2023-10-12 17:32:24,029- root - INFO - 日志[info]2023-10-12 17:32:24 返回状态码有误 200, 401
2023-10-12 17:32:24,091- root - INFO - 日志[info]2023-10-12 17:32:24 返回状态码有误 200, 401
2023-10-12 17:32:24,144- root - INFO - 日志[info]2023-10-12 17:32:24 返回状态码有误 200, 401
2023-10-12 17:32:24,189- root - INFO - 日志[info]2023-10-12 17:32:24 返回状态码有误 200, 401
2023-10-12 17:32:24,253- root - INFO - 日志[info]2023-10-12 17:32:24 返回状态码有误 200, 401
2023-10-12 17:32:24,319- root - INFO - 日志[info]2023-10-12 17:32:24 返回状态码有误 200, 401
2023-10-12 17:32:24,394- root - INFO - 日志[info]2023-10-12 17:32:24 返回状态码有误 200, 401
2023-10-12 17:32:24,521- root - INFO - 日志[info]2023-10-12 17:32:24 返回状态码有误 200, 401
2023-10-12 17:32:24,606- root - INFO - 日志[info]2023-10-12 17:32:24 返回状态码有误 200, 401
2023-10-12 17:32:24,669- root - INFO - 日志[info]2023-10-12 17:32:24 返回状态码有误 200, 401
2023-10-12 17:32:24,713- root - INFO - 日志[info]2023-10-12 17:32:24 返回状态码有误 200, 401
2023-10-12 17:32:24,775- root - INFO - 日志[info]2023-10-12 17:32:24 返回状态码有误 200, 401
2023-10-12 17:32:24,844- root - INFO - 日志[info]2023-10-12 17:32:24 返回状态码有误 200, 401
2023-10-12 17:32:24,902- root - INFO - 日志[info]2023-10-12 17:32:24 返回状态码有误 200, 401
2023-10-12 17:32:24,978- root - INFO - 日志[info]2023-10-12 17:32:24 返回状态码有误 200, 401
2023-10-12 17:32:25,045- root - INFO - 日志[info]2023-10-12 17:32:25 返回状态码有误 200, 401
2023-10-12 17:32:25,104- root - INFO - 日志[info]2023-10-12 17:32:25 返回状态码有误 200, 401
2023-10-12 17:32:25,345- root - INFO - 日志[info]2023-10-12 17:32:25 返回状态码有误 200, 401
2023-10-12 17:32:25,404- root - INFO - 日志[info]2023-10-12 17:32:25 返回状态码有误 200, 401
2023-10-12 17:32:25,449- root - INFO - 日志[info]2023-10-12 17:32:25 返回状态码有误 200, 401
2023-10-12 17:32:25,492- root - INFO - 日志[info]2023-10-12 17:32:25 返回状态码有误 200, 401
2023-10-12 17:32:25,566- root - INFO - 日志[info]2023-10-12 17:32:25 返回状态码有误 200, 401
2023-10-12 17:32:25,636- root - INFO - 日志[info]2023-10-12 17:32:25 返回状态码有误 200, 401
2023-10-12 17:32:25,683- root - INFO - 日志[info]2023-10-12 17:32:25 返回状态码有误 200, 401
2023-10-12 17:32:25,749- root - INFO - 日志[info]2023-10-12 17:32:25 返回状态码有误 200, 401
2023-10-12 17:32:25,810- root - INFO - 日志[info]2023-10-12 17:32:25 返回状态码有误 200, 401
2023-10-12 17:32:25,870- root - INFO - 日志[info]2023-10-12 17:32:25 返回状态码有误 200, 401
2023-10-12 17:32:25,933- root - INFO - 日志[info]2023-10-12 17:32:25 返回状态码有误 200, 401
2023-10-12 17:32:26,002- root - INFO - 日志[info]2023-10-12 17:32:26 返回状态码有误 200, 401
2023-10-12 17:32:26,072- root - INFO - 日志[info]2023-10-12 17:32:26 返回状态码有误 200, 401
2023-10-12 17:32:26,111- root - INFO - 日志[info]2023-10-12 17:32:26 返回状态码有误 200, 401
2023-10-12 17:32:26,190- root - INFO - 日志[info]2023-10-12 17:32:26 返回状态码有误 200, 401
2023-10-12 17:32:26,241- root - INFO - 日志[info]2023-10-12 17:32:26 返回状态码有误 200, 401
2023-10-12 17:32:26,307- root - INFO - 日志[info]2023-10-12 17:32:26 返回状态码有误 200, 401
2023-10-12 17:32:26,371- root - INFO - 日志[info]2023-10-12 17:32:26 返回状态码有误 200, 401
2023-10-12 17:32:26,433- root - INFO - 日志[info]2023-10-12 17:32:26 返回状态码有误 200, 401
2023-10-12 17:32:26,498- root - INFO - 日志[info]2023-10-12 17:32:26 返回状态码有误 200, 401
2023-10-12 17:32:26,557- root - INFO - 日志[info]2023-10-12 17:32:26 返回状态码有误 200, 401
2023-10-12 17:32:26,599- root - INFO - 日志[info]2023-10-12 17:32:26 返回状态码有误 200, 401
2023-10-12 17:32:26,667- root - INFO - 日志[info]2023-10-12 17:32:26 返回状态码有误 200, 401
2023-10-12 17:32:26,732- root - INFO - 日志[info]2023-10-12 17:32:26 返回状态码有误 200, 401
2023-10-12 17:32:26,797- root - INFO - 日志[info]2023-10-12 17:32:26 返回状态码有误 200, 401
2023-10-12 17:32:26,872- root - INFO - 日志[info]2023-10-12 17:32:26 返回状态码有误 200, 401
2023-10-12 17:32:27,189- root - INFO - 日志[info]2023-10-12 17:32:27 返回状态码有误 200, 401
2023-10-12 17:42:59,032- root - INFO - 日志[info]2023-10-12 17:42:59 返回内容错误："emp_job_id":"93000225"
2023-10-12 17:43:53,626- root - INFO - 日志[info]2023-10-12 17:43:53 返回状态码有误 200, 500
2023-10-12 17:56:04,434- root - INFO - 日志[info]2023-10-12 17:56:04 返回内容错误："retmsg":"操作成功"
2023-10-12 17:56:15,251- root - INFO - 日志[info]2023-10-12 17:56:15 返回内容错误："retmsg":"操作成功"
2023-10-12 17:56:53,527- root - INFO - 日志[info]2023-10-12 17:56:53 返回状态码有误 200, 500
2023-10-25 13:59:02,816- root - INFO - 日志[info]2023-10-25 13:59:02 返回状态码有误 200, 500
2023-10-27 14:02:53,698- root - INFO - 日志[info]2023-10-27 14:02:53 返回状态码有误 200, 400
2023-10-27 14:02:54,459- root - INFO - 日志[info]2023-10-27 14:02:54 返回内容错误："retmsg":"站点不存在!"
2023-10-27 14:02:58,127- root - INFO - 日志[info]2023-10-27 14:02:58 返回内容错误："retmsg":"解绑失败"
2023-10-27 14:02:58,901- root - INFO - 日志[info]2023-10-27 14:02:58 返回状态码有误 200, 500
2023-10-27 14:02:59,139- root - INFO - 日志[info]2023-10-27 14:02:59 返回状态码有误 200, 500
2023-10-27 14:02:59,686- root - INFO - 日志[info]2023-10-27 14:02:59 返回内容错误："retmsg":"设备编号不存在"
2023-10-27 14:03:00,445- root - INFO - 日志[info]2023-10-27 14:03:00 返回状态码有误 200, 500
2023-10-27 14:03:02,655- root - INFO - 日志[info]2023-10-27 14:03:02 返回内容错误："job_id":"90179035"
2023-10-27 14:03:10,006- root - INFO - 日志[info]2023-10-27 14:03:10 返回内容错误："id":30
2023-10-27 14:03:14,391- root - INFO - 日志[info]2023-10-27 14:03:14 返回内容错误："retmsg":"操作成功"
